<?xml version="1.0" encoding="UTF-8"?>
<!-- Generated by org.testng.reporters.JUnitReportReporter -->
<testsuite hostname="DESKTOP-D5GB7KD" failures="0" tests="2" name="Amazone.InvalidLoginAmznTest" time="0.000" errors="0" timestamp="2020-06-30T21:34:51 IST" skipped="2">
  <testcase classname="Amazone.InvalidLoginAmznTest" name="invalidPwd" time="0.000">
    <skipped/>
  </testcase> <!-- invalidPwd -->
  <system-out/>
  <testcase classname="Amazone.InvalidLoginAmznTest" name="invalidLoginUser" time="0.000">
    <skipped/>
  </testcase> <!-- invalidLoginUser -->
  <system-out/>
</testsuite> <!-- Amazone.InvalidLoginAmznTest -->
